<?xml version="1.0" encoding="UTF-8"?>
<robot generator="Robot 6.1.1 (Python 3.10.11 on win32)" generated="20231222 21:00:19.536" rpa="false" schemaversion="4">
<suite id="s1" name="Test-Suite-1" source="C:\Users\ADEM\Documents\tugas kuliah\UAS Testing QA\Automation 2\project-demo\test-suite-1.robot">
<test id="s1-t1" name="testcase-1" line="24">
<kw name="Login Success">
<kw name="Open Browser" library="SeleniumLibrary">
<arg>${HOST}</arg>
<arg>${BROWSER}</arg>
<doc>Opens a new browser instance to the optional ``url``.</doc>
<msg timestamp="20231222 21:00:19.762" level="INFO">Opening browser 'headlesschrome' to base url 'http://localhost/EksanyNurFadilah_201011401067_07TPLE010_WP'.</msg>
<status status="PASS" starttime="20231222 21:00:19.760" endtime="20231222 21:00:21.323"/>
</kw>
<kw name="Page Should Contain Element" library="SeleniumLibrary">
<arg>xpath://input[@name='username']</arg>
<doc>Verifies that element ``locator`` is found on the current page.</doc>
<msg timestamp="20231222 21:00:21.400" level="INFO">Current page contains element 'xpath://input[@name='username']'.</msg>
<status status="PASS" starttime="20231222 21:00:21.323" endtime="20231222 21:00:21.401"/>
</kw>
<kw name="Input Text" library="SeleniumLibrary">
<arg>name:username</arg>
<arg>${EMAIL}</arg>
<doc>Types the given ``text`` into the text field identified by ``locator``.</doc>
<msg timestamp="20231222 21:00:21.401" level="INFO">Typing text 'eksany' into text field 'name:username'.</msg>
<status status="PASS" starttime="20231222 21:00:21.401" endtime="20231222 21:00:21.517"/>
</kw>
<kw name="Input Text" library="SeleniumLibrary">
<arg>name:password</arg>
<arg>${PASS-1}</arg>
<doc>Types the given ``text`` into the text field identified by ``locator``.</doc>
<msg timestamp="20231222 21:00:21.518" level="INFO">Typing text 'Eksany123' into text field 'name:password'.</msg>
<status status="PASS" starttime="20231222 21:00:21.517" endtime="20231222 21:00:21.595"/>
</kw>
<kw name="Click Element" library="SeleniumLibrary">
<arg>xpath://button[@type='submit']</arg>
<doc>Click the element identified by ``locator``.</doc>
<msg timestamp="20231222 21:00:21.596" level="INFO">Clicking element 'xpath://button[@type='submit']'.</msg>
<status status="PASS" starttime="20231222 21:00:21.595" endtime="20231222 21:00:21.698"/>
</kw>
<status status="PASS" starttime="20231222 21:00:19.759" endtime="20231222 21:00:21.698"/>
</kw>
<kw name="Close Browser" library="SeleniumLibrary">
<doc>Closes the current browser.</doc>
<status status="PASS" starttime="20231222 21:00:21.700" endtime="20231222 21:00:23.821"/>
</kw>
<status status="PASS" starttime="20231222 21:00:19.759" endtime="20231222 21:00:23.821"/>
</test>
<test id="s1-t2" name="testcase-2" line="29">
<kw name="Open Browser" library="SeleniumLibrary">
<arg>${HOST}</arg>
<arg>${BROWSER}</arg>
<doc>Opens a new browser instance to the optional ``url``.</doc>
<msg timestamp="20231222 21:00:23.824" level="INFO">Opening browser 'headlesschrome' to base url 'http://localhost/EksanyNurFadilah_201011401067_07TPLE010_WP'.</msg>
<status status="PASS" starttime="20231222 21:00:23.823" endtime="20231222 21:00:25.471"/>
</kw>
<kw name="Page Should Contain Element" library="SeleniumLibrary">
<arg>xpath://input[@name='username']</arg>
<doc>Verifies that element ``locator`` is found on the current page.</doc>
<msg timestamp="20231222 21:00:25.490" level="INFO">Current page contains element 'xpath://input[@name='username']'.</msg>
<status status="PASS" starttime="20231222 21:00:25.471" endtime="20231222 21:00:25.490"/>
</kw>
<kw name="Input Text" library="SeleniumLibrary">
<arg>name:username</arg>
<arg>${EMAIL}</arg>
<doc>Types the given ``text`` into the text field identified by ``locator``.</doc>
<msg timestamp="20231222 21:00:25.491" level="INFO">Typing text 'eksany' into text field 'name:username'.</msg>
<status status="PASS" starttime="20231222 21:00:25.490" endtime="20231222 21:00:25.622"/>
</kw>
<kw name="Input Text" library="SeleniumLibrary">
<arg>name:password</arg>
<arg>${PASS-2}</arg>
<doc>Types the given ``text`` into the text field identified by ``locator``.</doc>
<msg timestamp="20231222 21:00:25.623" level="INFO">Typing text 'xxs12s2' into text field 'name:password'.</msg>
<status status="PASS" starttime="20231222 21:00:25.622" endtime="20231222 21:00:25.702"/>
</kw>
<kw name="Click Element" library="SeleniumLibrary">
<arg>xpath://button[@type='submit']</arg>
<doc>Click the element identified by ``locator``.</doc>
<msg timestamp="20231222 21:00:25.703" level="INFO">Clicking element 'xpath://button[@type='submit']'.</msg>
<status status="PASS" starttime="20231222 21:00:25.703" endtime="20231222 21:00:25.767"/>
</kw>
<kw name="Close Browser" library="SeleniumLibrary">
<doc>Closes the current browser.</doc>
<status status="PASS" starttime="20231222 21:00:25.767" endtime="20231222 21:00:27.886"/>
</kw>
<status status="PASS" starttime="20231222 21:00:23.823" endtime="20231222 21:00:27.886"/>
</test>
<test id="s1-t3" name="testcase-3" line="38">
<kw name="Login Success">
<kw name="Open Browser" library="SeleniumLibrary">
<arg>${HOST}</arg>
<arg>${BROWSER}</arg>
<doc>Opens a new browser instance to the optional ``url``.</doc>
<msg timestamp="20231222 21:00:27.889" level="INFO">Opening browser 'headlesschrome' to base url 'http://localhost/EksanyNurFadilah_201011401067_07TPLE010_WP'.</msg>
<status status="PASS" starttime="20231222 21:00:27.888" endtime="20231222 21:00:29.596"/>
</kw>
<kw name="Page Should Contain Element" library="SeleniumLibrary">
<arg>xpath://input[@name='username']</arg>
<doc>Verifies that element ``locator`` is found on the current page.</doc>
<msg timestamp="20231222 21:00:29.623" level="INFO">Current page contains element 'xpath://input[@name='username']'.</msg>
<status status="PASS" starttime="20231222 21:00:29.596" endtime="20231222 21:00:29.623"/>
</kw>
<kw name="Input Text" library="SeleniumLibrary">
<arg>name:username</arg>
<arg>${EMAIL}</arg>
<doc>Types the given ``text`` into the text field identified by ``locator``.</doc>
<msg timestamp="20231222 21:00:29.624" level="INFO">Typing text 'eksany' into text field 'name:username'.</msg>
<status status="PASS" starttime="20231222 21:00:29.624" endtime="20231222 21:00:29.744"/>
</kw>
<kw name="Input Text" library="SeleniumLibrary">
<arg>name:password</arg>
<arg>${PASS-1}</arg>
<doc>Types the given ``text`` into the text field identified by ``locator``.</doc>
<msg timestamp="20231222 21:00:29.745" level="INFO">Typing text 'Eksany123' into text field 'name:password'.</msg>
<status status="PASS" starttime="20231222 21:00:29.745" endtime="20231222 21:00:29.820"/>
</kw>
<kw name="Click Element" library="SeleniumLibrary">
<arg>xpath://button[@type='submit']</arg>
<doc>Click the element identified by ``locator``.</doc>
<msg timestamp="20231222 21:00:29.821" level="INFO">Clicking element 'xpath://button[@type='submit']'.</msg>
<status status="PASS" starttime="20231222 21:00:29.820" endtime="20231222 21:00:29.907"/>
</kw>
<status status="PASS" starttime="20231222 21:00:27.888" endtime="20231222 21:00:29.907"/>
</kw>
<kw name="Click Element" library="SeleniumLibrary">
<arg>xpath://button[@id='logout']</arg>
<doc>Click the element identified by ``locator``.</doc>
<msg timestamp="20231222 21:00:29.908" level="INFO">Clicking element 'xpath://button[@id='logout']'.</msg>
<status status="PASS" starttime="20231222 21:00:29.907" endtime="20231222 21:00:30.013"/>
</kw>
<kw name="Close Browser" library="SeleniumLibrary">
<doc>Closes the current browser.</doc>
<status status="PASS" starttime="20231222 21:00:30.014" endtime="20231222 21:00:32.131"/>
</kw>
<status status="PASS" starttime="20231222 21:00:27.887" endtime="20231222 21:00:32.131"/>
</test>
<test id="s1-t4" name="testcase-4" line="44">
<kw name="Login Success">
<kw name="Open Browser" library="SeleniumLibrary">
<arg>${HOST}</arg>
<arg>${BROWSER}</arg>
<doc>Opens a new browser instance to the optional ``url``.</doc>
<msg timestamp="20231222 21:00:32.135" level="INFO">Opening browser 'headlesschrome' to base url 'http://localhost/EksanyNurFadilah_201011401067_07TPLE010_WP'.</msg>
<status status="PASS" starttime="20231222 21:00:32.134" endtime="20231222 21:00:33.703"/>
</kw>
<kw name="Page Should Contain Element" library="SeleniumLibrary">
<arg>xpath://input[@name='username']</arg>
<doc>Verifies that element ``locator`` is found on the current page.</doc>
<msg timestamp="20231222 21:00:33.721" level="INFO">Current page contains element 'xpath://input[@name='username']'.</msg>
<status status="PASS" starttime="20231222 21:00:33.703" endtime="20231222 21:00:33.721"/>
</kw>
<kw name="Input Text" library="SeleniumLibrary">
<arg>name:username</arg>
<arg>${EMAIL}</arg>
<doc>Types the given ``text`` into the text field identified by ``locator``.</doc>
<msg timestamp="20231222 21:00:33.723" level="INFO">Typing text 'eksany' into text field 'name:username'.</msg>
<status status="PASS" starttime="20231222 21:00:33.721" endtime="20231222 21:00:33.828"/>
</kw>
<kw name="Input Text" library="SeleniumLibrary">
<arg>name:password</arg>
<arg>${PASS-1}</arg>
<doc>Types the given ``text`` into the text field identified by ``locator``.</doc>
<msg timestamp="20231222 21:00:33.829" level="INFO">Typing text 'Eksany123' into text field 'name:password'.</msg>
<status status="PASS" starttime="20231222 21:00:33.828" endtime="20231222 21:00:33.906"/>
</kw>
<kw name="Click Element" library="SeleniumLibrary">
<arg>xpath://button[@type='submit']</arg>
<doc>Click the element identified by ``locator``.</doc>
<msg timestamp="20231222 21:00:33.907" level="INFO">Clicking element 'xpath://button[@type='submit']'.</msg>
<status status="PASS" starttime="20231222 21:00:33.906" endtime="20231222 21:00:33.990"/>
</kw>
<status status="PASS" starttime="20231222 21:00:32.134" endtime="20231222 21:00:33.990"/>
</kw>
<kw name="Wait Until Element Is Visible" library="SeleniumLibrary">
<arg>xpath://a[contains(@href, 'alternatifView.php')]</arg>
<arg>timeout=10s</arg>
<doc>Waits until the element ``locator`` is visible.</doc>
<status status="PASS" starttime="20231222 21:00:33.990" endtime="20231222 21:00:34.026"/>
</kw>
<kw name="Click Element" library="SeleniumLibrary">
<arg>xpath://a[contains(@href, 'alternatifView.php')]</arg>
<doc>Click the element identified by ``locator``.</doc>
<msg timestamp="20231222 21:00:34.031" level="INFO">Clicking element 'xpath://a[contains(@href, 'alternatifView.php')]'.</msg>
<status status="PASS" starttime="20231222 21:00:34.030" endtime="20231222 21:00:34.151"/>
</kw>
<kw name="Scroll Down Until End">
<kw name="Execute Javascript" library="SeleniumLibrary">
<var>${previous_height}</var>
<arg>return document.body.scrollHeight;</arg>
<doc>Executes the given JavaScript code with possible arguments.</doc>
<msg timestamp="20231222 21:00:34.154" level="INFO">Executing JavaScript:
return document.body.scrollHeight;
Without any arguments.</msg>
<msg timestamp="20231222 21:00:34.169" level="INFO">${previous_height} = 424</msg>
<status status="PASS" starttime="20231222 21:00:34.154" endtime="20231222 21:00:34.170"/>
</kw>
<for flavor="IN RANGE">
<var>${i}</var>
<value>10</value>
<iter>
<var name="${i}">0</var>
<kw name="Execute Javascript" library="SeleniumLibrary">
<arg>window.scrollTo(0, document.body.scrollHeight);</arg>
<doc>Executes the given JavaScript code with possible arguments.</doc>
<msg timestamp="20231222 21:00:34.171" level="INFO">Executing JavaScript:
window.scrollTo(0, document.body.scrollHeight);
Without any arguments.</msg>
<status status="PASS" starttime="20231222 21:00:34.171" endtime="20231222 21:00:34.176"/>
</kw>
<kw name="Sleep" library="BuiltIn">
<arg>1s</arg>
<doc>Pauses the test executed for the given time.</doc>
<msg timestamp="20231222 21:00:35.178" level="INFO">Slept 1 second</msg>
<status status="PASS" starttime="20231222 21:00:34.177" endtime="20231222 21:00:35.178"/>
</kw>
<kw name="Execute Javascript" library="SeleniumLibrary">
<var>${current_height}</var>
<arg>return document.body.scrollHeight;</arg>
<doc>Executes the given JavaScript code with possible arguments.</doc>
<msg timestamp="20231222 21:00:35.179" level="INFO">Executing JavaScript:
return document.body.scrollHeight;
Without any arguments.</msg>
<msg timestamp="20231222 21:00:35.186" level="INFO">${current_height} = 424</msg>
<status status="PASS" starttime="20231222 21:00:35.178" endtime="20231222 21:00:35.186"/>
</kw>
<kw name="Exit For Loop If" library="BuiltIn">
<arg>'${current_height}' == '${previous_height}'</arg>
<doc>Stops executing the enclosing FOR loop if the ``condition`` is true.</doc>
<msg timestamp="20231222 21:00:35.186" level="INFO">Exiting for loop altogether.</msg>
<status status="PASS" starttime="20231222 21:00:35.186" endtime="20231222 21:00:35.186"/>
</kw>
<kw name="Set Variable" library="BuiltIn">
<var>${previous_height}</var>
<arg>${current_height}</arg>
<doc>Returns the given values which can then be assigned to a variables.</doc>
<status status="NOT RUN" starttime="20231222 21:00:35.186" endtime="20231222 21:00:35.186"/>
</kw>
<kw name="Sleep" library="BuiltIn">
<arg>2s</arg>
<doc>Pauses the test executed for the given time.</doc>
<status status="NOT RUN" starttime="20231222 21:00:35.186" endtime="20231222 21:00:35.186"/>
</kw>
<status status="PASS" starttime="20231222 21:00:34.170" endtime="20231222 21:00:35.186"/>
</iter>
<status status="PASS" starttime="20231222 21:00:34.170" endtime="20231222 21:00:35.186"/>
</for>
<status status="PASS" starttime="20231222 21:00:34.153" endtime="20231222 21:00:35.186"/>
</kw>
<kw name="Close Browser" library="SeleniumLibrary">
<doc>Closes the current browser.</doc>
<status status="PASS" starttime="20231222 21:00:35.187" endtime="20231222 21:00:37.267"/>
</kw>
<status status="PASS" starttime="20231222 21:00:32.134" endtime="20231222 21:00:37.268"/>
</test>
<test id="s1-t5" name="testcase-5" line="52">
<kw name="Login Success">
<kw name="Open Browser" library="SeleniumLibrary">
<arg>${HOST}</arg>
<arg>${BROWSER}</arg>
<doc>Opens a new browser instance to the optional ``url``.</doc>
<msg timestamp="20231222 21:00:37.270" level="INFO">Opening browser 'headlesschrome' to base url 'http://localhost/EksanyNurFadilah_201011401067_07TPLE010_WP'.</msg>
<status status="PASS" starttime="20231222 21:00:37.270" endtime="20231222 21:00:38.796"/>
</kw>
<kw name="Page Should Contain Element" library="SeleniumLibrary">
<arg>xpath://input[@name='username']</arg>
<doc>Verifies that element ``locator`` is found on the current page.</doc>
<msg timestamp="20231222 21:00:38.874" level="INFO">Current page contains element 'xpath://input[@name='username']'.</msg>
<status status="PASS" starttime="20231222 21:00:38.796" endtime="20231222 21:00:38.874"/>
</kw>
<kw name="Input Text" library="SeleniumLibrary">
<arg>name:username</arg>
<arg>${EMAIL}</arg>
<doc>Types the given ``text`` into the text field identified by ``locator``.</doc>
<msg timestamp="20231222 21:00:38.875" level="INFO">Typing text 'eksany' into text field 'name:username'.</msg>
<status status="PASS" starttime="20231222 21:00:38.874" endtime="20231222 21:00:38.991"/>
</kw>
<kw name="Input Text" library="SeleniumLibrary">
<arg>name:password</arg>
<arg>${PASS-1}</arg>
<doc>Types the given ``text`` into the text field identified by ``locator``.</doc>
<msg timestamp="20231222 21:00:38.993" level="INFO">Typing text 'Eksany123' into text field 'name:password'.</msg>
<status status="PASS" starttime="20231222 21:00:38.991" endtime="20231222 21:00:39.075"/>
</kw>
<kw name="Click Element" library="SeleniumLibrary">
<arg>xpath://button[@type='submit']</arg>
<doc>Click the element identified by ``locator``.</doc>
<msg timestamp="20231222 21:00:39.075" level="INFO">Clicking element 'xpath://button[@type='submit']'.</msg>
<status status="PASS" starttime="20231222 21:00:39.075" endtime="20231222 21:00:39.189"/>
</kw>
<status status="PASS" starttime="20231222 21:00:37.270" endtime="20231222 21:00:39.189"/>
</kw>
<kw name="Wait Until Element Is Visible" library="SeleniumLibrary">
<arg>xpath://a[contains(@href, 'ranking.php')]</arg>
<arg>timeout=10s</arg>
<doc>Waits until the element ``locator`` is visible.</doc>
<status status="PASS" starttime="20231222 21:00:39.190" endtime="20231222 21:00:39.243"/>
</kw>
<kw name="Click Element" library="SeleniumLibrary">
<arg>xpath://a[contains(@href, 'ranking.php')]</arg>
<doc>Click the element identified by ``locator``.</doc>
<msg timestamp="20231222 21:00:39.246" level="INFO">Clicking element 'xpath://a[contains(@href, 'ranking.php')]'.</msg>
<status status="PASS" starttime="20231222 21:00:39.245" endtime="20231222 21:00:39.375"/>
</kw>
<kw name="Scroll Down Until End">
<kw name="Execute Javascript" library="SeleniumLibrary">
<var>${previous_height}</var>
<arg>return document.body.scrollHeight;</arg>
<doc>Executes the given JavaScript code with possible arguments.</doc>
<msg timestamp="20231222 21:00:39.378" level="INFO">Executing JavaScript:
return document.body.scrollHeight;
Without any arguments.</msg>
<msg timestamp="20231222 21:00:39.394" level="INFO">${previous_height} = 1028</msg>
<status status="PASS" starttime="20231222 21:00:39.376" endtime="20231222 21:00:39.394"/>
</kw>
<for flavor="IN RANGE">
<var>${i}</var>
<value>10</value>
<iter>
<var name="${i}">0</var>
<kw name="Execute Javascript" library="SeleniumLibrary">
<arg>window.scrollTo(0, document.body.scrollHeight);</arg>
<doc>Executes the given JavaScript code with possible arguments.</doc>
<msg timestamp="20231222 21:00:39.395" level="INFO">Executing JavaScript:
window.scrollTo(0, document.body.scrollHeight);
Without any arguments.</msg>
<status status="PASS" starttime="20231222 21:00:39.394" endtime="20231222 21:00:39.400"/>
</kw>
<kw name="Sleep" library="BuiltIn">
<arg>1s</arg>
<doc>Pauses the test executed for the given time.</doc>
<msg timestamp="20231222 21:00:40.414" level="INFO">Slept 1 second</msg>
<status status="PASS" starttime="20231222 21:00:39.401" endtime="20231222 21:00:40.414"/>
</kw>
<kw name="Execute Javascript" library="SeleniumLibrary">
<var>${current_height}</var>
<arg>return document.body.scrollHeight;</arg>
<doc>Executes the given JavaScript code with possible arguments.</doc>
<msg timestamp="20231222 21:00:40.414" level="INFO">Executing JavaScript:
return document.body.scrollHeight;
Without any arguments.</msg>
<msg timestamp="20231222 21:00:40.421" level="INFO">${current_height} = 1028</msg>
<status status="PASS" starttime="20231222 21:00:40.414" endtime="20231222 21:00:40.421"/>
</kw>
<kw name="Exit For Loop If" library="BuiltIn">
<arg>'${current_height}' == '${previous_height}'</arg>
<doc>Stops executing the enclosing FOR loop if the ``condition`` is true.</doc>
<msg timestamp="20231222 21:00:40.421" level="INFO">Exiting for loop altogether.</msg>
<status status="PASS" starttime="20231222 21:00:40.421" endtime="20231222 21:00:40.421"/>
</kw>
<kw name="Set Variable" library="BuiltIn">
<var>${previous_height}</var>
<arg>${current_height}</arg>
<doc>Returns the given values which can then be assigned to a variables.</doc>
<status status="NOT RUN" starttime="20231222 21:00:40.421" endtime="20231222 21:00:40.421"/>
</kw>
<kw name="Sleep" library="BuiltIn">
<arg>2s</arg>
<doc>Pauses the test executed for the given time.</doc>
<status status="NOT RUN" starttime="20231222 21:00:40.421" endtime="20231222 21:00:40.421"/>
</kw>
<status status="PASS" starttime="20231222 21:00:39.394" endtime="20231222 21:00:40.421"/>
</iter>
<status status="PASS" starttime="20231222 21:00:39.394" endtime="20231222 21:00:40.421"/>
</for>
<status status="PASS" starttime="20231222 21:00:39.375" endtime="20231222 21:00:40.421"/>
</kw>
<kw name="Close Browser" library="SeleniumLibrary">
<doc>Closes the current browser.</doc>
<status status="PASS" starttime="20231222 21:00:40.421" endtime="20231222 21:00:42.537"/>
</kw>
<status status="PASS" starttime="20231222 21:00:37.269" endtime="20231222 21:00:42.538"/>
</test>
<status status="PASS" starttime="20231222 21:00:19.537" endtime="20231222 21:00:42.538"/>
</suite>
<statistics>
<total>
<stat pass="5" fail="0" skip="0">All Tests</stat>
</total>
<tag>
</tag>
<suite>
<stat pass="5" fail="0" skip="0" id="s1" name="Test-Suite-1">Test-Suite-1</stat>
</suite>
</statistics>
<errors>
</errors>
</robot>
